[13-Jun-2025 13:16:20 UTC] PHP Fatal error:  Uncaught Error: Call to undefined method TCPDF::setFooterCallback() in /Users/paddy/Downloads/waitinglistv3current2-9/app-backend/api/export_waiting_list.php:131
Stack trace:
#0 /Users/paddy/Downloads/waitinglistv3current2-9/webroot/admin/api_proxy.php(77): include()
#1 {main}
  thrown in /Users/paddy/Downloads/waitinglistv3current2-9/app-backend/api/export_waiting_list.php on line 131
[16-Jun-2025 16:58:06 UTC] PHP Deprecated:  Implicit conversion from float 16.5 to int loses precision in /Users/paddy/CODE/waiting-listv3.0/app-backend/api/export_waiting_list.php on line 82
[16-Jun-2025 16:58:06 UTC] PHP Deprecated:  Implicit conversion from float 16.5 to int loses precision in /Users/paddy/CODE/waiting-listv3.0/app-backend/api/export_waiting_list.php on line 83
[16-Jun-2025 16:58:06 UTC] PHP Deprecated:  Implicit conversion from float 16.5 to int loses precision in /Users/paddy/CODE/waiting-listv3.0/app-backend/api/export_waiting_list.php on line 83
[16-Jun-2025 16:58:06 UTC] PHP Deprecated:  Implicit conversion from float 16.5 to int loses precision in /Users/paddy/CODE/waiting-listv3.0/app-backend/api/export_waiting_list.php on line 82
[16-Jun-2025 16:58:06 UTC] PHP Deprecated:  Implicit conversion from float 49.5 to int loses precision in /Users/paddy/CODE/waiting-listv3.0/app-backend/api/export_waiting_list.php on line 83
[16-Jun-2025 16:58:06 UTC] PHP Deprecated:  Implicit conversion from float 16.5 to int loses precision in /Users/paddy/CODE/waiting-listv3.0/app-backend/api/export_waiting_list.php on line 83
[16-Jun-2025 16:58:06 UTC] PHP Deprecated:  Implicit conversion from float 16.5 to int loses precision in /Users/paddy/CODE/waiting-listv3.0/app-backend/api/export_waiting_list.php on line 82
[16-Jun-2025 16:58:06 UTC] PHP Deprecated:  Implicit conversion from float 82.5 to int loses precision in /Users/paddy/CODE/waiting-listv3.0/app-backend/api/export_waiting_list.php on line 83
[16-Jun-2025 16:58:06 UTC] PHP Deprecated:  Implicit conversion from float 16.5 to int loses precision in /Users/paddy/CODE/waiting-listv3.0/app-backend/api/export_waiting_list.php on line 83
[16-Jun-2025 17:01:48 UTC] PHP Deprecated:  Implicit conversion from float 16.5 to int loses precision in /Users/paddy/CODE/waiting-listv3.0/app-backend/api/export_waiting_list.php on line 82
[16-Jun-2025 17:01:48 UTC] PHP Deprecated:  Implicit conversion from float 16.5 to int loses precision in /Users/paddy/CODE/waiting-listv3.0/app-backend/api/export_waiting_list.php on line 83
[16-Jun-2025 17:01:48 UTC] PHP Deprecated:  Implicit conversion from float 16.5 to int loses precision in /Users/paddy/CODE/waiting-listv3.0/app-backend/api/export_waiting_list.php on line 83
[16-Jun-2025 17:01:48 UTC] PHP Deprecated:  Implicit conversion from float 16.5 to int loses precision in /Users/paddy/CODE/waiting-listv3.0/app-backend/api/export_waiting_list.php on line 82
[16-Jun-2025 17:01:48 UTC] PHP Deprecated:  Implicit conversion from float 49.5 to int loses precision in /Users/paddy/CODE/waiting-listv3.0/app-backend/api/export_waiting_list.php on line 83
[16-Jun-2025 17:01:48 UTC] PHP Deprecated:  Implicit conversion from float 16.5 to int loses precision in /Users/paddy/CODE/waiting-listv3.0/app-backend/api/export_waiting_list.php on line 83
[16-Jun-2025 17:01:48 UTC] PHP Deprecated:  Implicit conversion from float 16.5 to int loses precision in /Users/paddy/CODE/waiting-listv3.0/app-backend/api/export_waiting_list.php on line 82
[16-Jun-2025 17:01:48 UTC] PHP Deprecated:  Implicit conversion from float 82.5 to int loses precision in /Users/paddy/CODE/waiting-listv3.0/app-backend/api/export_waiting_list.php on line 83
[16-Jun-2025 17:01:48 UTC] PHP Deprecated:  Implicit conversion from float 16.5 to int loses precision in /Users/paddy/CODE/waiting-listv3.0/app-backend/api/export_waiting_list.php on line 83
[16-Jun-2025 17:04:13 UTC] PHP Deprecated:  Implicit conversion from float 16.5 to int loses precision in /Users/paddy/CODE/waiting-listv3.0/app-backend/api/export_waiting_list.php on line 82
[16-Jun-2025 17:04:13 UTC] PHP Deprecated:  Implicit conversion from float 16.5 to int loses precision in /Users/paddy/CODE/waiting-listv3.0/app-backend/api/export_waiting_list.php on line 83
[16-Jun-2025 17:04:13 UTC] PHP Deprecated:  Implicit conversion from float 16.5 to int loses precision in /Users/paddy/CODE/waiting-listv3.0/app-backend/api/export_waiting_list.php on line 83
[16-Jun-2025 17:04:13 UTC] PHP Deprecated:  Implicit conversion from float 16.5 to int loses precision in /Users/paddy/CODE/waiting-listv3.0/app-backend/api/export_waiting_list.php on line 82
[16-Jun-2025 17:04:13 UTC] PHP Deprecated:  Implicit conversion from float 49.5 to int loses precision in /Users/paddy/CODE/waiting-listv3.0/app-backend/api/export_waiting_list.php on line 83
[16-Jun-2025 17:04:13 UTC] PHP Deprecated:  Implicit conversion from float 16.5 to int loses precision in /Users/paddy/CODE/waiting-listv3.0/app-backend/api/export_waiting_list.php on line 83
[16-Jun-2025 17:04:13 UTC] PHP Deprecated:  Implicit conversion from float 16.5 to int loses precision in /Users/paddy/CODE/waiting-listv3.0/app-backend/api/export_waiting_list.php on line 82
[16-Jun-2025 17:04:13 UTC] PHP Deprecated:  Implicit conversion from float 82.5 to int loses precision in /Users/paddy/CODE/waiting-listv3.0/app-backend/api/export_waiting_list.php on line 83
[16-Jun-2025 17:04:13 UTC] PHP Deprecated:  Implicit conversion from float 16.5 to int loses precision in /Users/paddy/CODE/waiting-listv3.0/app-backend/api/export_waiting_list.php on line 83
[16-Jun-2025 17:08:17 UTC] PHP Deprecated:  Implicit conversion from float 16.5 to int loses precision in /Users/paddy/CODE/waiting-listv3.0/app-backend/api/export_waiting_list.php on line 82
[16-Jun-2025 17:08:17 UTC] PHP Deprecated:  Implicit conversion from float 16.5 to int loses precision in /Users/paddy/CODE/waiting-listv3.0/app-backend/api/export_waiting_list.php on line 83
[16-Jun-2025 17:08:17 UTC] PHP Deprecated:  Implicit conversion from float 16.5 to int loses precision in /Users/paddy/CODE/waiting-listv3.0/app-backend/api/export_waiting_list.php on line 83
[16-Jun-2025 17:08:17 UTC] PHP Deprecated:  Implicit conversion from float 16.5 to int loses precision in /Users/paddy/CODE/waiting-listv3.0/app-backend/api/export_waiting_list.php on line 82
[16-Jun-2025 17:08:17 UTC] PHP Deprecated:  Implicit conversion from float 49.5 to int loses precision in /Users/paddy/CODE/waiting-listv3.0/app-backend/api/export_waiting_list.php on line 83
[16-Jun-2025 17:08:17 UTC] PHP Deprecated:  Implicit conversion from float 16.5 to int loses precision in /Users/paddy/CODE/waiting-listv3.0/app-backend/api/export_waiting_list.php on line 83
[16-Jun-2025 17:08:17 UTC] PHP Deprecated:  Implicit conversion from float 16.5 to int loses precision in /Users/paddy/CODE/waiting-listv3.0/app-backend/api/export_waiting_list.php on line 82
[16-Jun-2025 17:08:17 UTC] PHP Deprecated:  Implicit conversion from float 82.5 to int loses precision in /Users/paddy/CODE/waiting-listv3.0/app-backend/api/export_waiting_list.php on line 83
[16-Jun-2025 17:08:17 UTC] PHP Deprecated:  Implicit conversion from float 16.5 to int loses precision in /Users/paddy/CODE/waiting-listv3.0/app-backend/api/export_waiting_list.php on line 83
[29-Sep-2025 14:36:46 UTC] PHP Warning:  SQLite3::prepare(): Unable to prepare statement: unrecognized token: &quot;')&quot; in /Users/paddy/CODE/waiting-listv3.0/app-backend/api/update_open_message.php on line 35
[29-Sep-2025 14:36:46 UTC] PHP Fatal error:  Uncaught Error: Call to a member function bindValue() on false in /Users/paddy/CODE/waiting-listv3.0/app-backend/api/update_open_message.php:38
Stack trace:
#0 /Users/paddy/CODE/waiting-listv3.0/webroot/admin/api_proxy.php(90): include()
#1 {main}
  thrown in /Users/paddy/CODE/waiting-listv3.0/app-backend/api/update_open_message.php on line 38
[29-Sep-2025 14:36:50 UTC] PHP Warning:  SQLite3::prepare(): Unable to prepare statement: unrecognized token: &quot;')&quot; in /Users/paddy/CODE/waiting-listv3.0/app-backend/api/update_open_message.php on line 35
[29-Sep-2025 14:36:50 UTC] PHP Fatal error:  Uncaught Error: Call to a member function bindValue() on false in /Users/paddy/CODE/waiting-listv3.0/app-backend/api/update_open_message.php:38
Stack trace:
#0 /Users/paddy/CODE/waiting-listv3.0/webroot/admin/api_proxy.php(90): include()
#1 {main}
  thrown in /Users/paddy/CODE/waiting-listv3.0/app-backend/api/update_open_message.php on line 38
[29-Sep-2025 14:36:50 UTC] PHP Warning:  SQLite3::prepare(): Unable to prepare statement: unrecognized token: &quot;')&quot; in /Users/paddy/CODE/waiting-listv3.0/app-backend/api/update_open_message.php on line 35
[29-Sep-2025 14:36:50 UTC] PHP Fatal error:  Uncaught Error: Call to a member function bindValue() on false in /Users/paddy/CODE/waiting-listv3.0/app-backend/api/update_open_message.php:38
Stack trace:
#0 /Users/paddy/CODE/waiting-listv3.0/webroot/admin/api_proxy.php(90): include()
#1 {main}
  thrown in /Users/paddy/CODE/waiting-listv3.0/app-backend/api/update_open_message.php on line 38
[29-Sep-2025 14:36:51 UTC] PHP Warning:  SQLite3::prepare(): Unable to prepare statement: unrecognized token: &quot;')&quot; in /Users/paddy/CODE/waiting-listv3.0/app-backend/api/update_open_message.php on line 35
[29-Sep-2025 14:36:51 UTC] PHP Fatal error:  Uncaught Error: Call to a member function bindValue() on false in /Users/paddy/CODE/waiting-listv3.0/app-backend/api/update_open_message.php:38
Stack trace:
#0 /Users/paddy/CODE/waiting-listv3.0/webroot/admin/api_proxy.php(90): include()
#1 {main}
  thrown in /Users/paddy/CODE/waiting-listv3.0/app-backend/api/update_open_message.php on line 38
[29-Sep-2025 14:36:51 UTC] PHP Warning:  SQLite3::prepare(): Unable to prepare statement: unrecognized token: &quot;')&quot; in /Users/paddy/CODE/waiting-listv3.0/app-backend/api/update_open_message.php on line 35
[29-Sep-2025 14:36:51 UTC] PHP Fatal error:  Uncaught Error: Call to a member function bindValue() on false in /Users/paddy/CODE/waiting-listv3.0/app-backend/api/update_open_message.php:38
Stack trace:
#0 /Users/paddy/CODE/waiting-listv3.0/webroot/admin/api_proxy.php(90): include()
#1 {main}
  thrown in /Users/paddy/CODE/waiting-listv3.0/app-backend/api/update_open_message.php on line 38
[29-Sep-2025 14:37:02 UTC] PHP Warning:  SQLite3::prepare(): Unable to prepare statement: unrecognized token: &quot;')&quot; in /Users/paddy/CODE/waiting-listv3.0/app-backend/api/update_open_message.php on line 35
[29-Sep-2025 14:37:02 UTC] PHP Fatal error:  Uncaught Error: Call to a member function bindValue() on false in /Users/paddy/CODE/waiting-listv3.0/app-backend/api/update_open_message.php:38
Stack trace:
#0 /Users/paddy/CODE/waiting-listv3.0/webroot/admin/api_proxy.php(90): include()
#1 {main}
  thrown in /Users/paddy/CODE/waiting-listv3.0/app-backend/api/update_open_message.php on line 38
[29-Sep-2025 14:37:16 UTC] PHP Warning:  SQLite3::prepare(): Unable to prepare statement: unrecognized token: &quot;')&quot; in /Users/paddy/CODE/waiting-listv3.0/app-backend/api/update_open_message.php on line 35
[29-Sep-2025 14:37:16 UTC] PHP Fatal error:  Uncaught Error: Call to a member function bindValue() on false in /Users/paddy/CODE/waiting-listv3.0/app-backend/api/update_open_message.php:38
Stack trace:
#0 /Users/paddy/CODE/waiting-listv3.0/webroot/admin/api_proxy.php(90): include()
#1 {main}
  thrown in /Users/paddy/CODE/waiting-listv3.0/app-backend/api/update_open_message.php on line 38
[29-Sep-2025 14:37:31 UTC] PHP Warning:  SQLite3::prepare(): Unable to prepare statement: unrecognized token: &quot;')&quot; in /Users/paddy/CODE/waiting-listv3.0/app-backend/api/update_open_message.php on line 35
[29-Sep-2025 14:37:31 UTC] PHP Fatal error:  Uncaught Error: Call to a member function bindValue() on false in /Users/paddy/CODE/waiting-listv3.0/app-backend/api/update_open_message.php:38
Stack trace:
#0 /Users/paddy/CODE/waiting-listv3.0/webroot/admin/api_proxy.php(90): include()
#1 {main}
  thrown in /Users/paddy/CODE/waiting-listv3.0/app-backend/api/update_open_message.php on line 38
[29-Sep-2025 14:38:53 UTC] PHP Warning:  SQLite3::prepare(): Unable to prepare statement: unrecognized token: &quot;')&quot; in /Users/paddy/CODE/waiting-listv3.0/app-backend/api/update_open_message.php on line 35
[29-Sep-2025 14:38:53 UTC] PHP Fatal error:  Uncaught Error: Call to a member function bindValue() on false in /Users/paddy/CODE/waiting-listv3.0/app-backend/api/update_open_message.php:38
Stack trace:
#0 /Users/paddy/CODE/waiting-listv3.0/webroot/admin/api_proxy.php(90): include()
#1 {main}
  thrown in /Users/paddy/CODE/waiting-listv3.0/app-backend/api/update_open_message.php on line 38
[29-Sep-2025 14:38:54 UTC] PHP Warning:  SQLite3::prepare(): Unable to prepare statement: unrecognized token: &quot;')&quot; in /Users/paddy/CODE/waiting-listv3.0/app-backend/api/update_open_message.php on line 35
[29-Sep-2025 14:38:54 UTC] PHP Fatal error:  Uncaught Error: Call to a member function bindValue() on false in /Users/paddy/CODE/waiting-listv3.0/app-backend/api/update_open_message.php:38
Stack trace:
#0 /Users/paddy/CODE/waiting-listv3.0/webroot/admin/api_proxy.php(90): include()
#1 {main}
  thrown in /Users/paddy/CODE/waiting-listv3.0/app-backend/api/update_open_message.php on line 38
[29-Sep-2025 14:40:26 UTC] PHP Warning:  SQLite3::prepare(): Unable to prepare statement: unrecognized token: &quot;')&quot; in /Users/paddy/CODE/waiting-listv3.0/app-backend/api/update_open_message.php on line 40
[29-Sep-2025 14:40:26 UTC] PHP Fatal error:  Uncaught Error: Call to a member function bindValue() on false in /Users/paddy/CODE/waiting-listv3.0/app-backend/api/update_open_message.php:43
Stack trace:
#0 /Users/paddy/CODE/waiting-listv3.0/webroot/admin/api_proxy.php(90): include()
#1 {main}
  thrown in /Users/paddy/CODE/waiting-listv3.0/app-backend/api/update_open_message.php on line 43
[29-Sep-2025 14:40:32 UTC] PHP Warning:  SQLite3::prepare(): Unable to prepare statement: unrecognized token: &quot;')&quot; in /Users/paddy/CODE/waiting-listv3.0/app-backend/api/update_open_message.php on line 40
[29-Sep-2025 14:40:32 UTC] PHP Fatal error:  Uncaught Error: Call to a member function bindValue() on false in /Users/paddy/CODE/waiting-listv3.0/app-backend/api/update_open_message.php:43
Stack trace:
#0 /Users/paddy/CODE/waiting-listv3.0/webroot/admin/api_proxy.php(90): include()
#1 {main}
  thrown in /Users/paddy/CODE/waiting-listv3.0/app-backend/api/update_open_message.php on line 43
[29-Sep-2025 14:43:22 UTC] PHP Warning:  SQLite3::prepare(): Unable to prepare statement: unrecognized token: &quot;')&quot; in /Users/paddy/CODE/waiting-listv3.0/app-backend/api/update_open_message.php on line 40
[29-Sep-2025 14:43:22 UTC] PHP Fatal error:  Uncaught Error: Call to a member function bindValue() on false in /Users/paddy/CODE/waiting-listv3.0/app-backend/api/update_open_message.php:43
Stack trace:
#0 /Users/paddy/CODE/waiting-listv3.0/webroot/admin/api_proxy.php(90): include()
#1 {main}
  thrown in /Users/paddy/CODE/waiting-listv3.0/app-backend/api/update_open_message.php on line 43
[29-Sep-2025 14:48:00 UTC] PHP Warning:  SQLite3::prepare(): Unable to prepare statement: unrecognized token: &quot;')&quot; in /Users/paddy/CODE/waiting-listv3.0/app-backend/api/update_open_message.php on line 40
[29-Sep-2025 14:48:00 UTC] PHP Fatal error:  Uncaught Error: Call to a member function bindValue() on false in /Users/paddy/CODE/waiting-listv3.0/app-backend/api/update_open_message.php:43
Stack trace:
#0 /Users/paddy/CODE/waiting-listv3.0/webroot/admin/api_proxy.php(90): include()
#1 {main}
  thrown in /Users/paddy/CODE/waiting-listv3.0/app-backend/api/update_open_message.php on line 43
[29-Sep-2025 14:53:09 UTC] PHP Warning:  SQLite3::prepare(): Unable to prepare statement: unrecognized token: &quot;')&quot; in /Users/paddy/CODE/waiting-listv3.0/app-backend/api/update_open_message.php on line 40
[29-Sep-2025 14:53:09 UTC] PHP Fatal error:  Uncaught Error: Call to a member function bindValue() on false in /Users/paddy/CODE/waiting-listv3.0/app-backend/api/update_open_message.php:43
Stack trace:
#0 /Users/paddy/CODE/waiting-listv3.0/webroot/admin/api_proxy.php(90): include()
#1 {main}
  thrown in /Users/paddy/CODE/waiting-listv3.0/app-backend/api/update_open_message.php on line 43
[29-Sep-2025 14:55:16 UTC] PHP Warning:  SQLite3::prepare(): Unable to prepare statement: unrecognized token: &quot;')&quot; in /Users/paddy/CODE/waiting-listv3.0/app-backend/api/update_open_message.php on line 40
[29-Sep-2025 14:55:16 UTC] PHP Fatal error:  Uncaught Error: Call to a member function bindValue() on false in /Users/paddy/CODE/waiting-listv3.0/app-backend/api/update_open_message.php:43
Stack trace:
#0 /Users/paddy/CODE/waiting-listv3.0/webroot/admin/api_proxy.php(90): include()
#1 {main}
  thrown in /Users/paddy/CODE/waiting-listv3.0/app-backend/api/update_open_message.php on line 43
[29-Sep-2025 14:56:49 UTC] PHP Warning:  SQLite3::prepare(): Unable to prepare statement: unrecognized token: &quot;')&quot; in /Users/paddy/CODE/waiting-listv3.0/app-backend/api/update_open_message.php on line 40
[29-Sep-2025 14:56:49 UTC] PHP Fatal error:  Uncaught Error: Call to a member function bindValue() on false in /Users/paddy/CODE/waiting-listv3.0/app-backend/api/update_open_message.php:43
Stack trace:
#0 /Users/paddy/CODE/waiting-listv3.0/webroot/admin/api_proxy.php(90): include()
#1 {main}
  thrown in /Users/paddy/CODE/waiting-listv3.0/app-backend/api/update_open_message.php on line 43
[29-Sep-2025 14:59:11 UTC] PHP Warning:  SQLite3::prepare(): Unable to prepare statement: unrecognized token: &quot;')&quot; in /Users/paddy/CODE/waiting-listv3.0/app-backend/api/update_open_message.php on line 40
[29-Sep-2025 14:59:11 UTC] PHP Fatal error:  Uncaught Error: Call to a member function bindValue() on false in /Users/paddy/CODE/waiting-listv3.0/app-backend/api/update_open_message.php:43
Stack trace:
#0 /Users/paddy/CODE/waiting-listv3.0/webroot/admin/api_proxy.php(90): include()
#1 {main}
  thrown in /Users/paddy/CODE/waiting-listv3.0/app-backend/api/update_open_message.php on line 43
